<?xml version="1.0" encoding="UTF-8"?>
<!-- Generated by org.testng.reporters.JUnitXMLReporter -->
<testsuite ignored="0" hostname="LAPTOP-9DS5E2D9" failures="1" tests="1" name="FirefoxTest" time="0.007" errors="0" timestamp="2026-05-23T12:50:52 IST">
  <testcase classname="Day_27.CrossBrowserTest" name="launchBrowser" time="0.001">
    <failure type="java.lang.NullPointerException" message="Cannot invoke &amp;quot;org.openqa.selenium.WebDriver.get(String)&amp;quot; because &amp;quot;this.driver&amp;quot; is null">
      <![CDATA[java.lang.NullPointerException: Cannot invoke "org.openqa.selenium.WebDriver.get(String)" because "this.driver" is null
at Day_27.CrossBrowserTest.launchBrowser(CrossBrowserTest.java:23)
at java.base/java.util.ArrayList.forEach(ArrayList.java:1511)
... Removed 27 stack frames]]>
    </failure>
  </testcase> <!-- launchBrowser -->
</testsuite> <!-- FirefoxTest -->
