<?xml version="1.0" encoding="UTF-8"?>
<testng-results ignored="0" total="2" passed="2" failed="0" skipped="0">
  <reporter-output>
  </reporter-output>
  <suite started-at="2026-05-19T17:08:09 IST" name="Default suite" finished-at="2026-05-19T17:08:50 IST" duration-ms="41134">
    <groups>
    </groups>
    <test started-at="2026-05-19T17:08:09 IST" name="Default test" finished-at="2026-05-19T17:08:50 IST" duration-ms="41134">
      <class name="Day23.parabankTestngMaven">
        <test-method is-config="true" signature="setup()[pri:0, instance:Day23.parabankTestngMaven@692f203f]" started-at="2026-05-19T17:08:09 IST" name="setup" finished-at="2026-05-19T17:08:12 IST" duration-ms="3133" status="PASS">
          <reporter-output>
          </reporter-output>
        </test-method> <!-- setup -->
        <test-method signature="signupTest()[pri:1, instance:Day23.parabankTestngMaven@692f203f]" started-at="2026-05-19T17:08:12 IST" name="signupTest" finished-at="2026-05-19T17:08:21 IST" duration-ms="8772" status="PASS">
          <reporter-output>
          </reporter-output>
        </test-method> <!-- signupTest -->
        <test-method is-config="true" signature="tearDown()[pri:0, instance:Day23.parabankTestngMaven@692f203f]" started-at="2026-05-19T17:08:21 IST" name="tearDown" finished-at="2026-05-19T17:08:22 IST" duration-ms="258" status="PASS">
          <reporter-output>
          </reporter-output>
        </test-method> <!-- tearDown -->
        <test-method is-config="true" signature="setup()[pri:0, instance:Day23.parabankTestngMaven@692f203f]" started-at="2026-05-19T17:08:22 IST" name="setup" finished-at="2026-05-19T17:08:25 IST" duration-ms="3055" status="PASS">
          <reporter-output>
          </reporter-output>
        </test-method> <!-- setup -->
        <test-method signature="transferFundsTest()[pri:2, instance:Day23.parabankTestngMaven@692f203f]" started-at="2026-05-19T17:08:25 IST" name="transferFundsTest" finished-at="2026-05-19T17:08:50 IST" duration-ms="25600" status="PASS">
          <reporter-output>
          </reporter-output>
        </test-method> <!-- transferFundsTest -->
        <test-method is-config="true" signature="tearDown()[pri:0, instance:Day23.parabankTestngMaven@692f203f]" started-at="2026-05-19T17:08:50 IST" name="tearDown" finished-at="2026-05-19T17:08:50 IST" duration-ms="245" status="PASS">
          <reporter-output>
          </reporter-output>
        </test-method> <!-- tearDown -->
      </class> <!-- Day23.parabankTestngMaven -->
    </test> <!-- Default test -->
  </suite> <!-- Default suite -->
</testng-results>
