<?xml version="1.0" encoding="UTF-8"?>
<testng-results ignored="0" total="1" passed="1" failed="0" skipped="0">
  <reporter-output>
  </reporter-output>
  <suite started-at="2026-06-01T16:50:10 IST" name="Default suite" finished-at="2026-06-01T16:52:28 IST" duration-ms="137808">
    <groups>
    </groups>
    <test started-at="2026-06-01T16:50:10 IST" name="Default test" finished-at="2026-06-01T16:52:28 IST" duration-ms="137808">
      <class name="testcases.LoginTest">
        <test-method signature="login()[pri:0, instance:testcases.LoginTest@3e694b3f]" started-at="2026-06-01T16:50:10 IST" name="login" finished-at="2026-06-01T16:52:28 IST" duration-ms="137761" status="PASS">
          <reporter-output>
          </reporter-output>
        </test-method> <!-- login -->
      </class> <!-- testcases.LoginTest -->
    </test> <!-- Default test -->
  </suite> <!-- Default suite -->
</testng-results>
