<?xml version="1.0" encoding="UTF-8"?>
<!-- Generated by org.testng.reporters.JUnitXMLReporter -->
<testsuite ignored="2" hostname="LAPTOP-9DS5E2D9" failures="0" tests="2" name="SmokeTests" time="0.067" errors="0" timestamp="2026-05-22T18:15:33 IST">
  <testcase classname="Day25_Assignment.SmokeRegressionTest" name="smokeTest1" time="0.01"/>
  <testcase classname="Day25_Assignment.SmokeRegressionTest" name="smokeTest2" time="0.001"/>
  <testcase classname="Day25_Assignment.SmokeRegressionTest" name="regressionTest2" time="0.0">
    <ignored/>
  </testcase> <!-- regressionTest2 -->
  <testcase classname="Day25_Assignment.SmokeRegressionTest" name="regressionTest1" time="0.0">
    <ignored/>
  </testcase> <!-- regressionTest1 -->
</testsuite> <!-- SmokeTests -->
