<?xml version="1.0" encoding="UTF-8"?>
<!-- Generated by org.testng.reporters.JUnitReportReporter -->
<testsuite hostname="LAPTOP-9DS5E2D9" failures="0" tests="2" name="Day_27.CrossBrowserTest_Grid" time="27.982" errors="0" timestamp="2026-05-23T23:11:30 IST" skipped="0">
  <testcase classname="Day_27.CrossBrowserTest_Grid" name="launchBrowser" time="13.288"/>
  <testcase classname="Day_27.CrossBrowserTest_Grid" name="launchBrowser" time="14.694"/>
</testsuite> <!-- Day_27.CrossBrowserTest_Grid -->
