<?xml version="1.0" encoding="UTF-8"?>
<!-- Generated by org.testng.reporters.JUnitReportReporter -->
<testsuite hostname="LAPTOP-9DS5E2D9" failures="0" tests="3" name="Day25_Assignment.MultipleLoginTest" time="12.051" errors="0" timestamp="2026-05-22T17:51:43 IST" skipped="0">
  <testcase classname="Day25_Assignment.MultipleLoginTest" name="loginTest" time="3.914"/>
  <testcase classname="Day25_Assignment.MultipleLoginTest" name="loginTest" time="3.568"/>
  <testcase classname="Day25_Assignment.MultipleLoginTest" name="loginTest" time="4.569"/>
</testsuite> <!-- Day25_Assignment.MultipleLoginTest -->
