<?xml version="1.0" encoding="UTF-8"?>
<testng-results ignored="0" total="1" passed="1" failed="0" skipped="0">
  <reporter-output>
  </reporter-output>
  <suite started-at="2026-05-19T12:39:54 IST" name="Default suite" finished-at="2026-05-19T12:39:58 IST" duration-ms="3988">
    <groups>
    </groups>
    <test started-at="2026-05-19T12:39:54 IST" name="Default test" finished-at="2026-05-19T12:39:58 IST" duration-ms="3988">
      <class name="Day23_SelTtngInteg.LoginTest">
        <test-method is-config="true" signature="setup()[pri:0, instance:Day23_SelTtngInteg.LoginTest@408d971b]" started-at="2026-05-19T12:39:54 IST" name="setup" finished-at="2026-05-19T12:39:57 IST" duration-ms="3273" status="PASS">
          <reporter-output>
          </reporter-output>
        </test-method> <!-- setup -->
        <test-method signature="loginTest()[pri:0, instance:Day23_SelTtngInteg.LoginTest@408d971b]" started-at="2026-05-19T12:39:57 IST" name="loginTest" finished-at="2026-05-19T12:39:57 IST" duration-ms="368" status="PASS">
          <reporter-output>
          </reporter-output>
        </test-method> <!-- loginTest -->
        <test-method is-config="true" signature="closeBrowser()[pri:0, instance:Day23_SelTtngInteg.LoginTest@408d971b]" started-at="2026-05-19T12:39:57 IST" name="closeBrowser" finished-at="2026-05-19T12:39:58 IST" duration-ms="292" status="PASS">
          <reporter-output>
          </reporter-output>
        </test-method> <!-- closeBrowser -->
      </class> <!-- Day23_SelTtngInteg.LoginTest -->
    </test> <!-- Default test -->
  </suite> <!-- Default suite -->
</testng-results>
