<?xml version="1.0" encoding="UTF-8"?>
<testng-results ignored="0" total="1" passed="1" failed="0" skipped="0">
  <reporter-output>
  </reporter-output>
  <suite started-at="2026-05-28T17:11:32 IST" name="Default suite" finished-at="2026-05-28T17:12:03 IST" duration-ms="30901">
    <groups>
      <group name="cucumber">
        <method signature="AbstractTestNGCucumberTests.runScenario(io.cucumber.testng.PickleWrapper,io.cucumber.testng.FeatureWrapper)[pri:0, instance:runners.TestRunner@3cd3e762]" name="runScenario" class="io.cucumber.testng.AbstractTestNGCucumberTests"/>
      </group> <!-- cucumber -->
    </groups>
    <test started-at="2026-05-28T17:11:32 IST" name="Default test" finished-at="2026-05-28T17:12:03 IST" duration-ms="30901">
      <class name="runners.TestRunner">
        <test-method is-config="true" signature="setUpClass(org.testng.ITestContext)[pri:0, instance:runners.TestRunner@3cd3e762]" started-at="2026-05-28T17:11:32 IST" name="setUpClass" finished-at="2026-05-28T17:11:33 IST" duration-ms="288" status="PASS">
          <params>
            <param index="0">
              <value>
                <![CDATA[org.testng.TestRunner@189b5fb1]]>
              </value>
            </param>
          </params>
          <reporter-output>
          </reporter-output>
        </test-method> <!-- setUpClass -->
        <test-method signature="runScenario(io.cucumber.testng.PickleWrapper,io.cucumber.testng.FeatureWrapper)[pri:0, instance:runners.TestRunner@3cd3e762]" started-at="2026-05-28T17:11:33 IST" name="runScenario" description="Runs Cucumber Scenarios" data-provider="scenarios" finished-at="2026-05-28T17:12:03 IST" duration-ms="30547" status="PASS">
          <params>
            <param index="0">
              <value>
                <![CDATA["Complete shopping process"]]>
              </value>
            </param>
            <param index="1">
              <value>
                <![CDATA["E-Commerce End-to-End Flow"]]>
              </value>
            </param>
          </params>
          <reporter-output>
          </reporter-output>
        </test-method> <!-- runScenario -->
        <test-method is-config="true" signature="tearDownClass()[pri:0, instance:runners.TestRunner@3cd3e762]" started-at="2026-05-28T17:12:03 IST" name="tearDownClass" finished-at="2026-05-28T17:12:03 IST" duration-ms="1" status="PASS">
          <reporter-output>
          </reporter-output>
        </test-method> <!-- tearDownClass -->
      </class> <!-- runners.TestRunner -->
    </test> <!-- Default test -->
  </suite> <!-- Default suite -->
</testng-results>
