<?xml version="1.0" encoding="UTF-8"?>
<testng-results ignored="0" total="2" passed="2" failed="0" skipped="0">
  <reporter-output>
  </reporter-output>
  <suite started-at="2026-06-05T15:59:05 IST" name="OrangeHRM Suite" finished-at="2026-06-05T15:59:38 IST" duration-ms="33215">
    <groups>
    </groups>
    <test started-at="2026-06-05T15:59:05 IST" name="JSON Test" finished-at="2026-06-05T15:59:23 IST" duration-ms="17623">
      <class name="tests.LoginTestJSON">
        <test-method is-config="true" signature="setup()[pri:0, instance:tests.LoginTestJSON@34a3d150]" started-at="2026-06-05T15:59:05 IST" name="setup" finished-at="2026-06-05T15:59:07 IST" duration-ms="2040" status="PASS">
          <reporter-output>
          </reporter-output>
        </test-method> <!-- setup -->
        <test-method signature="loginTestJSON()[pri:0, instance:tests.LoginTestJSON@34a3d150]" started-at="2026-06-05T15:59:07 IST" name="loginTestJSON" finished-at="2026-06-05T15:59:23 IST" duration-ms="15168" status="PASS">
          <reporter-output>
          </reporter-output>
        </test-method> <!-- loginTestJSON -->
        <test-method is-config="true" signature="tearDown()[pri:0, instance:tests.LoginTestJSON@34a3d150]" started-at="2026-06-05T15:59:23 IST" name="tearDown" finished-at="2026-06-05T15:59:23 IST" duration-ms="341" status="PASS">
          <reporter-output>
          </reporter-output>
        </test-method> <!-- tearDown -->
      </class> <!-- tests.LoginTestJSON -->
    </test> <!-- JSON Test -->
    <test started-at="2026-06-05T15:59:23 IST" name="CSV Test" finished-at="2026-06-05T15:59:38 IST" duration-ms="15560">
      <class name="tests.LoginTestCSV">
        <test-method is-config="true" signature="setup()[pri:0, instance:tests.LoginTestCSV@7eac9008]" started-at="2026-06-05T15:59:23 IST" name="setup" finished-at="2026-06-05T15:59:24 IST" duration-ms="895" status="PASS">
          <reporter-output>
          </reporter-output>
        </test-method> <!-- setup -->
        <test-method signature="loginTestCSV()[pri:0, instance:tests.LoginTestCSV@7eac9008]" started-at="2026-06-05T15:59:24 IST" name="loginTestCSV" finished-at="2026-06-05T15:59:38 IST" duration-ms="14318" status="PASS">
          <reporter-output>
          </reporter-output>
        </test-method> <!-- loginTestCSV -->
        <test-method is-config="true" signature="tearDown()[pri:0, instance:tests.LoginTestCSV@7eac9008]" started-at="2026-06-05T15:59:38 IST" name="tearDown" finished-at="2026-06-05T15:59:38 IST" duration-ms="344" status="PASS">
          <reporter-output>
          </reporter-output>
        </test-method> <!-- tearDown -->
      </class> <!-- tests.LoginTestCSV -->
    </test> <!-- CSV Test -->
  </suite> <!-- OrangeHRM Suite -->
</testng-results>
